<?xml version="1.0" encoding="UTF-8"?>
<!-- Generated by org.testng.reporters.JUnitXMLReporter -->
<testsuite ignored="6" hostname="DESKTOP-J1CFD8O" failures="7" tests="13" name="Test" time="279.285" errors="0" timestamp="2024-11-14T19:47:39 IST">
  <testcase classname="test.CartTest" name="verifyIfUserIsAbleToAddProductToCart" time="1.629">
    <failure type="java.lang.AssertionError" message="expected [5] but found [6]">
      <![CDATA[java.lang.AssertionError: expected [5] but found [6]
at test.CartTest.verifyIfUserIsAbleToAddProductToCart(CartTest.java:46)
at java.base/java.util.ArrayList.forEach(ArrayList.java:1597)
... Removed 32 stack frames]]>
    </failure>
  </testcase> <!-- verifyIfUserIsAbleToAddProductToCart -->
  <testcase classname="test.CartTest" name="verifyIfUserIsAbleToRemoveProduct" time="8.506">
    <failure type="java.lang.IndexOutOfBoundsException" message="Index 1 out of bounds for length 1">
      <![CDATA[java.lang.IndexOutOfBoundsException: Index 1 out of bounds for length 1
at java.base/jdk.internal.util.Preconditions.outOfBounds(Preconditions.java:100)
at java.base/jdk.internal.util.Preconditions.outOfBoundsCheckIndex(Preconditions.java:106)
at java.base/jdk.internal.util.Preconditions.checkIndex(Preconditions.java:302)
at java.base/java.util.Objects.checkIndex(Objects.java:365)
at java.base/java.util.ArrayList.get(ArrayList.java:428)
at org.openqa.selenium.support.pagefactory.internal.LocatingElementListHandler.invoke(LocatingElementListHandler.java:39)
at jdk.proxy2/jdk.proxy2.$Proxy14.get(Unknown Source)
at pom.SwagLabHomePage.ClickonRemove(SwagLabHomePage.java:75)
at test.CartTest.verifyIfUserIsAbleToRemoveProduct(CartTest.java:66)
at java.base/java.util.ArrayList.forEach(ArrayList.java:1597)
... Removed 27 stack frames]]>
    </failure>
  </testcase> <!-- verifyIfUserIsAbleToRemoveProduct -->
  <testcase classname="test.Sample" name="verifyIfUserIsAbleToAddProductToCart" time="11.491">
    <failure type="java.lang.IndexOutOfBoundsException" message="Index 0 out of bounds for length 0">
      <![CDATA[java.lang.IndexOutOfBoundsException: Index 0 out of bounds for length 0
at java.base/jdk.internal.util.Preconditions.outOfBounds(Preconditions.java:100)
at java.base/jdk.internal.util.Preconditions.outOfBoundsCheckIndex(Preconditions.java:106)
at java.base/jdk.internal.util.Preconditions.checkIndex(Preconditions.java:302)
at java.base/java.util.Objects.checkIndex(Objects.java:365)
at java.base/java.util.ArrayList.get(ArrayList.java:428)
at org.openqa.selenium.support.pagefactory.internal.LocatingElementListHandler.invoke(LocatingElementListHandler.java:39)
at jdk.proxy2/jdk.proxy2.$Proxy14.get(Unknown Source)
at pom.SwagLabCartPage.getProductName(SwagLabCartPage.java:24)
at test.Sample.verifyIfUserIsAbleToAddProductToCart(Sample.java:50)
at java.base/java.util.ArrayList.forEach(ArrayList.java:1597)
... Removed 27 stack frames]]>
    </failure>
  </testcase> <!-- verifyIfUserIsAbleToAddProductToCart -->
  <testcase classname="test.SwagLabHomeTest" name="VerifySortFeatureForAtoZ" time="5.931"/>
  <testcase classname="test.SwagLabHomeTest" name="VerifySortFeatureForPriceHighToLow" time="0.889">
    <failure type="java.lang.AssertionError" message="expected [true] but found [false]">
      <![CDATA[java.lang.AssertionError: expected [true] but found [false]
at test.SwagLabHomeTest.VerifySortFeatureForPriceHighToLow(SwagLabHomeTest.java:75)
at java.base/java.util.ArrayList.forEach(ArrayList.java:1597)
... Removed 29 stack frames]]>
    </failure>
  </testcase> <!-- VerifySortFeatureForPriceHighToLow -->
  <testcase classname="test.SwagLabHomeTest" name="VerifySortFeatureForPriceLowToHigh" time="1.003">
    <failure type="java.lang.AssertionError" message="expected [true] but found [false]">
      <![CDATA[java.lang.AssertionError: expected [true] but found [false]
at test.SwagLabHomeTest.VerifySortFeatureForPriceLowToHigh(SwagLabHomeTest.java:66)
at java.base/java.util.ArrayList.forEach(ArrayList.java:1597)
... Removed 29 stack frames]]>
    </failure>
  </testcase> <!-- VerifySortFeatureForPriceLowToHigh -->
  <testcase classname="test.SwagLabHomeTest" name="VerifySortFeatureForZtoA" time="4.367"/>
  <testcase classname="test.SwagLabHomeTest" name="verifyIfUserIsAbleToAddProductToCart" time="2.278">
    <failure type="java.lang.AssertionError" message="expected [5] but found [6]">
      <![CDATA[java.lang.AssertionError: expected [5] but found [6]
at test.SwagLabHomeTest.verifyIfUserIsAbleToAddProductToCart(SwagLabHomeTest.java:105)
at java.base/java.util.ArrayList.forEach(ArrayList.java:1597)
... Removed 32 stack frames]]>
    </failure>
  </testcase> <!-- verifyIfUserIsAbleToAddProductToCart -->
  <testcase classname="test.SwagLabHomeTest" name="verifyIfUserIsAbleToRemoveProduct" time="5.607"/>
  <testcase classname="test.SwagLabHomeTest" name="verifyOnClickLogoutUserIsSuccessfullyLogout" time="0.435"/>
  <testcase classname="test.SwagLabHomeTest" name="verifyOnClickMenuAllTheMenuOptionsAreDisplayed" time="1.247"/>
  <testcase classname="test.SwagLabLoginTest" name="verifyIfUserIsAbleToLoginWithValidCredentials" time="1.599"/>
  <testcase classname="test.SwagLabLoginTest" name="verifyIfWarningMessageIsDisplayedForLockedUser" time="1.891">
    <failure type="java.lang.AssertionError" message="The following asserts failed:
	expected [false] but found [true]">
      <![CDATA[java.lang.AssertionError: The following asserts failed:
expected [false] but found [true]
at test.SwagLabLoginTest.verifyIfWarningMessageIsDisplayedForLockedUser(SwagLabLoginTest.java:54)
at java.base/java.util.ArrayList.forEach(ArrayList.java:1597)
... Removed 27 stack frames]]>
    </failure>
  </testcase> <!-- verifyIfWarningMessageIsDisplayedForLockedUser -->
  <testcase classname="test.Sample" name="verifyOnClickAboutUserIsDirectedToAnotherPage" time="0.0">
    <ignored/>
  </testcase> <!-- verifyOnClickAboutUserIsDirectedToAnotherPage -->
  <testcase classname="test.SwagLabHomeTest" name="verifyOnClickAboutUserIsDirectedToAnotherPage" time="0.0">
    <ignored/>
  </testcase> <!-- verifyOnClickAboutUserIsDirectedToAnotherPage -->
  <testcase classname="test.Sample" name="verifyOnClickMenuAllTheMenuOptionsAreDisplayed" time="0.0">
    <ignored/>
  </testcase> <!-- verifyOnClickMenuAllTheMenuOptionsAreDisplayed -->
  <testcase classname="test.Sample" name="verifyOnClickLogoutUserIsSuccessfullyLogout" time="0.0">
    <ignored/>
  </testcase> <!-- verifyOnClickLogoutUserIsSuccessfullyLogout -->
  <testcase classname="test.Sample" name="verifyRemoveButton" time="0.0">
    <ignored/>
  </testcase> <!-- verifyRemoveButton -->
  <testcase classname="test.SwagLabHomeTest" name="verifyRemoveButton" time="0.0">
    <ignored/>
  </testcase> <!-- verifyRemoveButton -->
</testsuite> <!-- Test -->
